0 info it worked if it ends with ok
1 verbose cli [ '/Users/ryanki10/.nvm/versions/node/v6.7.0/bin/node',
1 verbose cli   '/Users/ryanki10/.nvm/versions/node/v6.7.0/bin/npm',
1 verbose cli   'run',
1 verbose cli   'build' ]
2 info using npm@3.10.3
3 info using node@v6.7.0
4 verbose run-script [ 'prebuild', 'build', 'postbuild' ]
5 info lifecycle reactive-app@0.0.0~prebuild: reactive-app@0.0.0
6 silly lifecycle reactive-app@0.0.0~prebuild: no script for prebuild, continuing
7 info lifecycle reactive-app@0.0.0~build: reactive-app@0.0.0
8 verbose lifecycle reactive-app@0.0.0~build: unsafe-perm in lifecycle true
9 verbose lifecycle reactive-app@0.0.0~build: PATH: /Users/ryanki10/.nvm/versions/node/v6.7.0/lib/node_modules/npm/bin/node-gyp-bin:/Users/ryanki10/WebstormProjects/reactiveApp/node_modules/.bin:/Users/ryanki10/.nvm/versions/node/v6.7.0/bin:/Users/ryanki10/.nvm/versions/node/v6.7.0/bin:“/Users/ryanki10/usr/bin:/usr/bin:/usr/sbin:/bin:/sbin:/usr/local/bin:/usr/local/bin/node:/Users/ryanki10/downloads/android-sdk-macosx”
10 verbose lifecycle reactive-app@0.0.0~build: CWD: /Users/ryanki10/WebstormProjects/reactiveApp
11 silly lifecycle reactive-app@0.0.0~build: Args: [ '-c', 'ng build' ]
12 silly lifecycle reactive-app@0.0.0~build: Returned: code: 3  signal: null
13 info lifecycle reactive-app@0.0.0~build: Failed to exec build script
14 verbose stack Error: reactive-app@0.0.0 build: `ng build`
14 verbose stack Exit status 3
14 verbose stack     at EventEmitter.<anonymous> (/Users/ryanki10/.nvm/versions/node/v6.7.0/lib/node_modules/npm/lib/utils/lifecycle.js:242:16)
14 verbose stack     at emitTwo (events.js:106:13)
14 verbose stack     at EventEmitter.emit (events.js:191:7)
14 verbose stack     at ChildProcess.<anonymous> (/Users/ryanki10/.nvm/versions/node/v6.7.0/lib/node_modules/npm/lib/utils/spawn.js:40:14)
14 verbose stack     at emitTwo (events.js:106:13)
14 verbose stack     at ChildProcess.emit (events.js:191:7)
14 verbose stack     at maybeClose (internal/child_process.js:877:16)
14 verbose stack     at Process.ChildProcess._handle.onexit (internal/child_process.js:226:5)
15 verbose pkgid reactive-app@0.0.0
16 verbose cwd /Users/ryanki10/WebstormProjects/reactiveApp
17 error Darwin 15.6.0
18 error argv "/Users/ryanki10/.nvm/versions/node/v6.7.0/bin/node" "/Users/ryanki10/.nvm/versions/node/v6.7.0/bin/npm" "run" "build"
19 error node v6.7.0
20 error npm  v3.10.3
21 error code ELIFECYCLE
22 error reactive-app@0.0.0 build: `ng build`
22 error Exit status 3
23 error Failed at the reactive-app@0.0.0 build script 'ng build'.
23 error Make sure you have the latest version of node.js and npm installed.
23 error If you do, this is most likely a problem with the reactive-app package,
23 error not with npm itself.
23 error Tell the author that this fails on your system:
23 error     ng build
23 error You can get information on how to open an issue for this project with:
23 error     npm bugs reactive-app
23 error Or if that isn't available, you can get their info via:
23 error     npm owner ls reactive-app
23 error There is likely additional logging output above.
24 verbose exit [ 1, true ]
